<?xml version="1.0" encoding="UTF-8"?>
<testsuite xmlns:xsi="http://www.w3.org/2001/XMLSchema-instance" xsi:noNamespaceSchemaLocation="https://maven.apache.org/surefire/maven-surefire-plugin/xsd/surefire-test-report-3.0.xsd" version="3.0" name="com.example.AppTest" time="0.01" tests="1" errors="0" skipped="0" failures="0">
  <properties>
    <property name="java.specification.version" value="22"/>
    <property name="sun.jnu.encoding" value="UTF-8"/>
    <property name="java.class.path" value="/Users/dagogue/Dev/mon-projet/target/test-classes:/Users/dagogue/Dev/mon-projet/target/classes:/Users/dagogue/.m2/repository/junit/junit/3.8.1/junit-3.8.1.jar:/Users/dagogue/.m2/repository/org/slf4j/slf4j-simple/2.0.13/slf4j-simple-2.0.13.jar:/Users/dagogue/.m2/repository/org/slf4j/slf4j-api/2.0.13/slf4j-api-2.0.13.jar:/Users/dagogue/.m2/repository/com/mysql/mysql-connector-j/9.0.0/mysql-connector-j-9.0.0.jar:/Users/dagogue/.m2/repository/com/google/protobuf/protobuf-java/4.26.1/protobuf-java-4.26.1.jar:/Users/dagogue/.m2/repository/org/liquibase/liquibase-core/4.28.0/liquibase-core-4.28.0.jar:/Users/dagogue/.m2/repository/com/opencsv/opencsv/5.9/opencsv-5.9.jar:/Users/dagogue/.m2/repository/org/apache/commons/commons-text/1.11.0/commons-text-1.11.0.jar:/Users/dagogue/.m2/repository/org/apache/commons/commons-collections4/4.4/commons-collections4-4.4.jar:/Users/dagogue/.m2/repository/org/yaml/snakeyaml/2.2/snakeyaml-2.2.jar:/Users/dagogue/.m2/repository/javax/xml/bind/jaxb-api/2.3.1/jaxb-api-2.3.1.jar:/Users/dagogue/.m2/repository/commons-io/commons-io/2.16.1/commons-io-2.16.1.jar:/Users/dagogue/.m2/repository/org/apache/commons/commons-lang3/3.14.0/commons-lang3-3.14.0.jar:"/>
    <property name="java.vm.vendor" value="Oracle Corporation"/>
    <property name="sun.arch.data.model" value="64"/>
    <property name="java.vendor.url" value="https://java.oracle.com/"/>
    <property name="os.name" value="Mac OS X"/>
    <property name="java.vm.specification.version" value="22"/>
    <property name="sun.java.launcher" value="SUN_STANDARD"/>
    <property name="user.country" value="FR"/>
    <property name="sun.boot.library.path" value="/Library/Java/JavaVirtualMachines/jdk-22.jdk/Contents/Home/lib"/>
    <property name="sun.java.command" value="/Users/dagogue/Dev/mon-projet/target/surefire/surefirebooter-20240707105551127_3.jar /Users/dagogue/Dev/mon-projet/target/surefire 2024-07-07T10-55-51_076-jvmRun1 surefire-20240707105551127_1tmp surefire_0-20240707105551127_2tmp"/>
    <property name="http.nonProxyHosts" value="local|*.local|169.254/16|*.169.254/16"/>
    <property name="jdk.debug" value="release"/>
    <property name="surefire.test.class.path" value="/Users/dagogue/Dev/mon-projet/target/test-classes:/Users/dagogue/Dev/mon-projet/target/classes:/Users/dagogue/.m2/repository/junit/junit/3.8.1/junit-3.8.1.jar:/Users/dagogue/.m2/repository/org/slf4j/slf4j-simple/2.0.13/slf4j-simple-2.0.13.jar:/Users/dagogue/.m2/repository/org/slf4j/slf4j-api/2.0.13/slf4j-api-2.0.13.jar:/Users/dagogue/.m2/repository/com/mysql/mysql-connector-j/9.0.0/mysql-connector-j-9.0.0.jar:/Users/dagogue/.m2/repository/com/google/protobuf/protobuf-java/4.26.1/protobuf-java-4.26.1.jar:/Users/dagogue/.m2/repository/org/liquibase/liquibase-core/4.28.0/liquibase-core-4.28.0.jar:/Users/dagogue/.m2/repository/com/opencsv/opencsv/5.9/opencsv-5.9.jar:/Users/dagogue/.m2/repository/org/apache/commons/commons-text/1.11.0/commons-text-1.11.0.jar:/Users/dagogue/.m2/repository/org/apache/commons/commons-collections4/4.4/commons-collections4-4.4.jar:/Users/dagogue/.m2/repository/org/yaml/snakeyaml/2.2/snakeyaml-2.2.jar:/Users/dagogue/.m2/repository/javax/xml/bind/jaxb-api/2.3.1/jaxb-api-2.3.1.jar:/Users/dagogue/.m2/repository/commons-io/commons-io/2.16.1/commons-io-2.16.1.jar:/Users/dagogue/.m2/repository/org/apache/commons/commons-lang3/3.14.0/commons-lang3-3.14.0.jar:"/>
    <property name="sun.cpu.endian" value="little"/>
    <property name="user.home" value="/Users/dagogue"/>
    <property name="user.language" value="fr"/>
    <property name="java.specification.vendor" value="Oracle Corporation"/>
    <property name="java.version.date" value="2024-04-16"/>
    <property name="java.home" value="/Library/Java/JavaVirtualMachines/jdk-22.jdk/Contents/Home"/>
    <property name="file.separator" value="/"/>
    <property name="basedir" value="/Users/dagogue/Dev/mon-projet"/>
    <property name="java.vm.compressedOopsMode" value="Zero based"/>
    <property name="line.separator" value="&#10;"/>
    <property name="java.vm.specification.vendor" value="Oracle Corporation"/>
    <property name="java.specification.name" value="Java Platform API Specification"/>
    <property name="apple.awt.application.name" value="ForkedBooter"/>
    <property name="surefire.real.class.path" value="/Users/dagogue/Dev/mon-projet/target/surefire/surefirebooter-20240707105551127_3.jar"/>
    <property name="sun.management.compiler" value="HotSpot 64-Bit Tiered Compilers"/>
    <property name="ftp.nonProxyHosts" value="local|*.local|169.254/16|*.169.254/16"/>
    <property name="java.runtime.version" value="22.0.1+8-16"/>
    <property name="user.name" value="dagogue"/>
    <property name="stdout.encoding" value="UTF-8"/>
    <property name="path.separator" value=":"/>
    <property name="os.version" value="14.5"/>
    <property name="java.runtime.name" value="Java(TM) SE Runtime Environment"/>
    <property name="file.encoding" value="UTF-8"/>
    <property name="java.vm.name" value="Java HotSpot(TM) 64-Bit Server VM"/>
    <property name="localRepository" value="/Users/dagogue/.m2/repository"/>
    <property name="java.vendor.url.bug" value="https://bugreport.java.com/bugreport/"/>
    <property name="java.io.tmpdir" value="/var/folders/f8/mh6l2l510g73jmbg4jzrl8_h0000gp/T/"/>
    <property name="java.version" value="22.0.1"/>
    <property name="user.dir" value="/Users/dagogue/Dev/mon-projet"/>
    <property name="os.arch" value="aarch64"/>
    <property name="java.vm.specification.name" value="Java Virtual Machine Specification"/>
    <property name="native.encoding" value="UTF-8"/>
    <property name="java.library.path" value="/Users/dagogue/Library/Java/Extensions:/Library/Java/Extensions:/Network/Library/Java/Extensions:/System/Library/Java/Extensions:/usr/lib/java:."/>
    <property name="java.vm.info" value="mixed mode, sharing"/>
    <property name="stderr.encoding" value="UTF-8"/>
    <property name="java.vendor" value="Oracle Corporation"/>
    <property name="java.vm.version" value="22.0.1+8-16"/>
    <property name="sun.io.unicode.encoding" value="UnicodeBig"/>
    <property name="socksNonProxyHosts" value="local|*.local|169.254/16|*.169.254/16"/>
    <property name="java.class.version" value="66.0"/>
  </properties>
  <testcase name="testApp" classname="com.example.AppTest" time="0.002"/>
</testsuite>